2022-12-05 02:34:03 INFO  GeneracionLogger:16 - Programa comenzado
2022-12-05 02:34:12 INFO  GeneracionLogger:83 - INFO: Se ha realizado el LogIn correctamente.
2022-12-05 02:34:12 INFO  GeneracionLogger:90 - INFO: Se ha abierto el menu correctamente.
2022-12-05 02:34:16 INFO  GeneracionLogger:118 - INFO: Se ha cerrado la sesion correctamente.
2022-12-05 02:39:29 INFO  GeneracionLogger:16 - Programa comenzado
2022-12-05 02:39:33 INFO  GeneracionLogger:83 - INFO: Se ha realizado el LogIn correctamente.
2022-12-05 02:39:33 INFO  GeneracionLogger:90 - INFO: Se ha abierto el menu correctamente.
2022-12-05 02:39:34 INFO  GeneracionLogger:71 - INFO: Se ha abierto la ventana del libro correctamente.
2022-12-05 02:39:35 INFO  GeneracionLogger:74 - INFO: Se ha abierto el menu correctamente.
2022-12-05 02:39:36 INFO  GeneracionLogger:96 - INFO: Se ha abierto la ventana de la tienda correctamente.
2022-12-05 02:39:37 INFO  GeneracionLogger:63 - INFO: Se ha abierto el menu correctamente.
2022-12-05 02:39:38 INFO  GeneracionLogger:25 - INFO: Wombat generado.
2022-12-05 02:39:38 INFO  GeneracionLogger:53 - INFO: Se ha abierto la ventana del juego correctamente.
2022-12-05 02:39:43 INFO  GeneracionLogger:13 - INFO: Puntuacion aumentada.
2022-12-05 02:39:43 INFO  GeneracionLogger:25 - INFO: Wombat generado.
2022-12-05 02:39:44 INFO  GeneracionLogger:17 - INFO: Puntuacion reducida.
2022-12-05 02:39:44 INFO  GeneracionLogger:25 - INFO: Wombat generado.
2022-12-05 02:39:44 INFO  GeneracionLogger:13 - INFO: Puntuacion aumentada.
2022-12-05 02:39:44 INFO  GeneracionLogger:25 - INFO: Wombat generado.
2022-12-05 02:39:46 INFO  GeneracionLogger:13 - INFO: Puntuacion aumentada.
2022-12-05 02:39:46 INFO  GeneracionLogger:25 - INFO: Wombat generado.
2022-12-05 02:39:47 INFO  GeneracionLogger:13 - INFO: Puntuacion aumentada.
2022-12-05 02:39:47 INFO  GeneracionLogger:25 - INFO: Wombat generado.
2022-12-05 02:39:48 INFO  GeneracionLogger:13 - INFO: Puntuacion aumentada.
2022-12-05 02:39:48 INFO  GeneracionLogger:25 - INFO: Wombat generado.
2022-12-05 02:39:49 INFO  GeneracionLogger:13 - INFO: Puntuacion aumentada.
2022-12-05 02:39:49 INFO  GeneracionLogger:25 - INFO: Wombat generado.
2022-12-05 02:39:50 INFO  GeneracionLogger:13 - INFO: Puntuacion aumentada.
2022-12-05 02:39:50 INFO  GeneracionLogger:25 - INFO: Wombat generado.
2022-12-05 02:39:51 INFO  GeneracionLogger:13 - INFO: Puntuacion aumentada.
2022-12-05 02:39:51 INFO  GeneracionLogger:25 - INFO: Wombat generado.
2022-12-05 02:39:52 INFO  GeneracionLogger:13 - INFO: Puntuacion aumentada.
2022-12-05 02:39:52 INFO  GeneracionLogger:25 - INFO: Wombat generado.
2022-12-05 02:39:52 INFO  GeneracionLogger:13 - INFO: Puntuacion aumentada.
2022-12-05 02:39:52 INFO  GeneracionLogger:25 - INFO: Wombat generado.
2022-12-05 02:39:53 INFO  GeneracionLogger:13 - INFO: Puntuacion aumentada.
2022-12-05 02:39:53 INFO  GeneracionLogger:25 - INFO: Wombat generado.
2022-12-05 02:39:54 INFO  GeneracionLogger:13 - INFO: Puntuacion aumentada.
2022-12-05 02:39:54 INFO  GeneracionLogger:25 - INFO: Wombat generado.
2022-12-05 02:39:56 INFO  GeneracionLogger:13 - INFO: Puntuacion aumentada.
2022-12-05 02:39:56 INFO  GeneracionLogger:25 - INFO: Wombat generado.
2022-12-05 02:39:57 INFO  GeneracionLogger:13 - INFO: Puntuacion aumentada.
2022-12-05 02:39:57 INFO  GeneracionLogger:25 - INFO: Wombat generado.
2022-12-05 02:39:57 INFO  GeneracionLogger:13 - INFO: Puntuacion aumentada.
2022-12-05 02:39:57 INFO  GeneracionLogger:25 - INFO: Wombat generado.
2022-12-05 02:39:58 INFO  GeneracionLogger:20 - INFO: Se ha acabado la partida.
2022-12-05 02:39:59 INFO  GeneracionLogger:74 - INFO: Se han añadido los datos de la ultima partida correctamente.
2022-12-05 02:42:23 INFO  GeneracionLogger:16 - Programa comenzado
2022-12-05 02:42:35 INFO  GeneracionLogger:16 - Programa comenzado
2022-12-05 02:42:42 INFO  GeneracionLogger:83 - INFO: Se ha realizado el LogIn correctamente.
2022-12-05 02:42:42 INFO  GeneracionLogger:90 - INFO: Se ha abierto el menu correctamente.
2022-12-05 02:42:44 INFO  GeneracionLogger:25 - INFO: Wombat generado.
2022-12-05 02:42:44 INFO  GeneracionLogger:53 - INFO: Se ha abierto la ventana del juego correctamente.
2022-12-05 02:44:11 INFO  GeneracionLogger:16 - Programa comenzado
2022-12-05 02:44:47 INFO  GeneracionLogger:16 - Programa comenzado
2022-12-05 02:45:35 INFO  GeneracionLogger:16 - Programa comenzado
2022-12-05 02:45:38 INFO  GeneracionLogger:83 - INFO: Se ha realizado el LogIn correctamente.
2022-12-05 02:45:38 INFO  GeneracionLogger:90 - INFO: Se ha abierto el menu correctamente.
2022-12-05 02:48:01 INFO  GeneracionLogger:16 - Programa comenzado
2022-12-05 02:53:52 INFO  GeneracionLogger:16 - Programa comenzado
2022-12-05 02:53:56 INFO  GeneracionLogger:83 - INFO: Se ha realizado el LogIn correctamente.
2022-12-05 02:53:56 INFO  GeneracionLogger:90 - INFO: Se ha abierto el menu correctamente.
2022-12-05 02:53:58 INFO  GeneracionLogger:71 - INFO: Se ha abierto la ventana del libro correctamente.
2022-12-05 02:54:01 INFO  GeneracionLogger:94 - INFO: Se ha abierto la ventana Wombats correctamente.
2022-12-05 02:54:09 INFO  GeneracionLogger:136 - INFO: Se ha abierto la ventana del libro correctamente.
2022-12-05 02:55:57 INFO  GeneracionLogger:16 - Programa comenzado
2022-12-05 02:56:00 INFO  GeneracionLogger:83 - INFO: Se ha realizado el LogIn correctamente.
2022-12-05 02:56:00 INFO  GeneracionLogger:90 - INFO: Se ha abierto el menu correctamente.
2022-12-05 02:56:01 INFO  GeneracionLogger:25 - INFO: Wombat generado.
2022-12-05 02:56:01 INFO  GeneracionLogger:53 - INFO: Se ha abierto la ventana del juego correctamente.
2022-12-05 02:56:06 INFO  GeneracionLogger:13 - INFO: Puntuacion aumentada.
2022-12-05 02:56:06 INFO  GeneracionLogger:25 - INFO: Wombat generado.
2022-12-05 02:56:07 INFO  GeneracionLogger:13 - INFO: Puntuacion aumentada.
2022-12-05 02:56:07 INFO  GeneracionLogger:25 - INFO: Wombat generado.
2022-12-05 02:56:08 INFO  GeneracionLogger:13 - INFO: Puntuacion aumentada.
2022-12-05 02:56:08 INFO  GeneracionLogger:25 - INFO: Wombat generado.
2022-12-05 02:56:50 INFO  GeneracionLogger:16 - Programa comenzado
2022-12-05 02:56:55 INFO  GeneracionLogger:83 - INFO: Se ha realizado el LogIn correctamente.
2022-12-05 02:56:55 INFO  GeneracionLogger:90 - INFO: Se ha abierto el menu correctamente.
2022-12-05 02:56:55 INFO  GeneracionLogger:25 - INFO: Wombat generado.
2022-12-05 02:56:55 INFO  GeneracionLogger:53 - INFO: Se ha abierto la ventana del juego correctamente.
2022-12-05 02:59:13 INFO  GeneracionLogger:16 - Programa comenzado
2022-12-05 02:59:16 INFO  GeneracionLogger:83 - INFO: Se ha realizado el LogIn correctamente.
2022-12-05 02:59:16 INFO  GeneracionLogger:90 - INFO: Se ha abierto el menu correctamente.
2022-12-05 02:59:48 INFO  GeneracionLogger:16 - Programa comenzado
2022-12-05 02:59:52 INFO  GeneracionLogger:83 - INFO: Se ha realizado el LogIn correctamente.
2022-12-05 02:59:52 INFO  GeneracionLogger:90 - INFO: Se ha abierto el menu correctamente.
2022-12-05 02:59:52 INFO  GeneracionLogger:25 - INFO: Wombat generado.
2022-12-05 02:59:52 INFO  GeneracionLogger:53 - INFO: Se ha abierto la ventana del juego correctamente.
2022-12-05 02:59:53 INFO  GeneracionLogger:13 - INFO: Puntuacion aumentada.
2022-12-05 02:59:53 INFO  GeneracionLogger:25 - INFO: Wombat generado.
2022-12-05 02:59:54 INFO  GeneracionLogger:13 - INFO: Puntuacion aumentada.
2022-12-05 02:59:54 INFO  GeneracionLogger:25 - INFO: Wombat generado.
2022-12-05 02:59:55 INFO  GeneracionLogger:13 - INFO: Puntuacion aumentada.
2022-12-05 02:59:55 INFO  GeneracionLogger:25 - INFO: Wombat generado.
2022-12-05 02:59:55 INFO  GeneracionLogger:13 - INFO: Puntuacion aumentada.
2022-12-05 02:59:55 INFO  GeneracionLogger:25 - INFO: Wombat generado.
2022-12-05 02:59:56 INFO  GeneracionLogger:13 - INFO: Puntuacion aumentada.
2022-12-05 02:59:56 INFO  GeneracionLogger:25 - INFO: Wombat generado.
2022-12-05 02:59:58 INFO  GeneracionLogger:13 - INFO: Puntuacion aumentada.
2022-12-05 02:59:58 INFO  GeneracionLogger:25 - INFO: Wombat generado.
2022-12-05 03:00:17 INFO  GeneracionLogger:16 - Programa comenzado
2022-12-05 03:00:21 INFO  GeneracionLogger:83 - INFO: Se ha realizado el LogIn correctamente.
2022-12-05 03:00:21 INFO  GeneracionLogger:90 - INFO: Se ha abierto el menu correctamente.
2022-12-05 03:00:22 INFO  GeneracionLogger:25 - INFO: Wombat generado.
2022-12-05 03:00:22 INFO  GeneracionLogger:53 - INFO: Se ha abierto la ventana del juego correctamente.
2022-12-05 03:01:02 INFO  GeneracionLogger:16 - Programa comenzado
2022-12-05 03:01:04 INFO  GeneracionLogger:83 - INFO: Se ha realizado el LogIn correctamente.
2022-12-05 03:01:04 INFO  GeneracionLogger:90 - INFO: Se ha abierto el menu correctamente.
2022-12-05 03:01:05 INFO  GeneracionLogger:25 - INFO: Wombat generado.
2022-12-05 03:01:05 INFO  GeneracionLogger:53 - INFO: Se ha abierto la ventana del juego correctamente.
2022-12-05 03:01:11 INFO  GeneracionLogger:13 - INFO: Puntuacion aumentada.
2022-12-05 03:01:11 INFO  GeneracionLogger:25 - INFO: Wombat generado.
2022-12-05 03:01:57 INFO  GeneracionLogger:16 - Programa comenzado
2022-12-05 03:02:00 INFO  GeneracionLogger:83 - INFO: Se ha realizado el LogIn correctamente.
2022-12-05 03:02:00 INFO  GeneracionLogger:90 - INFO: Se ha abierto el menu correctamente.
2022-12-05 03:02:00 INFO  GeneracionLogger:25 - INFO: Wombat generado.
2022-12-05 03:02:00 INFO  GeneracionLogger:53 - INFO: Se ha abierto la ventana del juego correctamente.
2022-12-05 03:02:33 INFO  GeneracionLogger:16 - Programa comenzado
2022-12-05 03:02:37 INFO  GeneracionLogger:83 - INFO: Se ha realizado el LogIn correctamente.
2022-12-05 03:02:37 INFO  GeneracionLogger:90 - INFO: Se ha abierto el menu correctamente.
2022-12-05 03:02:37 INFO  GeneracionLogger:25 - INFO: Wombat generado.
2022-12-05 03:02:37 INFO  GeneracionLogger:53 - INFO: Se ha abierto la ventana del juego correctamente.
2022-12-05 03:02:53 INFO  GeneracionLogger:13 - INFO: Puntuacion aumentada.
2022-12-05 03:02:53 INFO  GeneracionLogger:25 - INFO: Wombat generado.
2022-12-05 03:02:54 INFO  GeneracionLogger:13 - INFO: Puntuacion aumentada.
2022-12-05 03:02:54 INFO  GeneracionLogger:25 - INFO: Wombat generado.
2022-12-05 03:02:55 INFO  GeneracionLogger:13 - INFO: Puntuacion aumentada.
2022-12-05 03:02:55 INFO  GeneracionLogger:25 - INFO: Wombat generado.
2022-12-05 03:02:56 INFO  GeneracionLogger:13 - INFO: Puntuacion aumentada.
2022-12-05 03:02:56 INFO  GeneracionLogger:25 - INFO: Wombat generado.
2022-12-05 03:02:57 INFO  GeneracionLogger:20 - INFO: Se ha acabado la partida.
2022-12-05 03:02:59 INFO  GeneracionLogger:74 - INFO: Se han añadido los datos de la ultima partida correctamente.
2022-12-05 03:03:55 INFO  GeneracionLogger:16 - Programa comenzado
2022-12-05 03:03:59 INFO  GeneracionLogger:83 - INFO: Se ha realizado el LogIn correctamente.
2022-12-05 03:03:59 INFO  GeneracionLogger:90 - INFO: Se ha abierto el menu correctamente.
2022-12-05 03:04:00 INFO  GeneracionLogger:25 - INFO: Wombat generado.
2022-12-05 03:04:00 INFO  GeneracionLogger:53 - INFO: Se ha abierto la ventana del juego correctamente.
2022-12-05 03:04:01 INFO  GeneracionLogger:13 - INFO: Puntuacion aumentada.
2022-12-05 03:04:01 INFO  GeneracionLogger:25 - INFO: Wombat generado.
2022-12-05 03:04:02 INFO  GeneracionLogger:13 - INFO: Puntuacion aumentada.
2022-12-05 03:04:02 INFO  GeneracionLogger:25 - INFO: Wombat generado.
2022-12-05 03:04:03 INFO  GeneracionLogger:13 - INFO: Puntuacion aumentada.
2022-12-05 03:04:03 INFO  GeneracionLogger:25 - INFO: Wombat generado.
2022-12-05 03:04:04 INFO  GeneracionLogger:13 - INFO: Puntuacion aumentada.
2022-12-05 03:04:04 INFO  GeneracionLogger:25 - INFO: Wombat generado.
2022-12-05 03:04:04 INFO  GeneracionLogger:13 - INFO: Puntuacion aumentada.
2022-12-05 03:04:04 INFO  GeneracionLogger:25 - INFO: Wombat generado.
2022-12-05 03:06:46 INFO  GeneracionLogger:16 - Programa comenzado
2022-12-05 03:06:55 INFO  GeneracionLogger:70 - INFO: Se ha registrado un nuevo usuario
2022-12-05 03:07:07 INFO  GeneracionLogger:83 - INFO: Se ha realizado el LogIn correctamente.
2022-12-05 03:07:07 INFO  GeneracionLogger:90 - INFO: Se ha abierto el menu correctamente.
2022-12-05 03:07:10 INFO  GeneracionLogger:25 - INFO: Wombat generado.
2022-12-05 03:07:10 INFO  GeneracionLogger:53 - INFO: Se ha abierto la ventana del juego correctamente.
2022-12-05 03:07:11 INFO  GeneracionLogger:13 - INFO: Puntuacion aumentada.
2022-12-05 03:07:11 INFO  GeneracionLogger:25 - INFO: Wombat generado.
2022-12-05 03:07:12 INFO  GeneracionLogger:13 - INFO: Puntuacion aumentada.
2022-12-05 03:07:12 INFO  GeneracionLogger:25 - INFO: Wombat generado.
2022-12-05 03:07:13 INFO  GeneracionLogger:13 - INFO: Puntuacion aumentada.
2022-12-05 03:07:13 INFO  GeneracionLogger:25 - INFO: Wombat generado.
2022-12-05 03:07:15 INFO  GeneracionLogger:13 - INFO: Puntuacion aumentada.
2022-12-05 03:07:15 INFO  GeneracionLogger:25 - INFO: Wombat generado.
2022-12-05 03:07:16 INFO  GeneracionLogger:13 - INFO: Puntuacion aumentada.
2022-12-05 03:07:16 INFO  GeneracionLogger:25 - INFO: Wombat generado.
2022-12-05 03:07:18 INFO  GeneracionLogger:13 - INFO: Puntuacion aumentada.
2022-12-05 03:07:18 INFO  GeneracionLogger:25 - INFO: Wombat generado.
2022-12-05 03:07:19 INFO  GeneracionLogger:17 - INFO: Puntuacion reducida.
2022-12-05 03:07:19 INFO  GeneracionLogger:25 - INFO: Wombat generado.
2022-12-05 03:07:21 INFO  GeneracionLogger:13 - INFO: Puntuacion aumentada.
2022-12-05 03:07:21 INFO  GeneracionLogger:25 - INFO: Wombat generado.
2022-12-05 03:07:23 INFO  GeneracionLogger:13 - INFO: Puntuacion aumentada.
2022-12-05 03:07:23 INFO  GeneracionLogger:25 - INFO: Wombat generado.
2022-12-05 03:07:23 INFO  GeneracionLogger:13 - INFO: Puntuacion aumentada.
2022-12-05 03:07:23 INFO  GeneracionLogger:25 - INFO: Wombat generado.
2022-12-05 03:07:24 INFO  GeneracionLogger:13 - INFO: Puntuacion aumentada.
2022-12-05 03:07:24 INFO  GeneracionLogger:25 - INFO: Wombat generado.
2022-12-05 03:07:25 INFO  GeneracionLogger:13 - INFO: Puntuacion aumentada.
2022-12-05 03:07:25 INFO  GeneracionLogger:25 - INFO: Wombat generado.
2022-12-05 03:07:25 INFO  GeneracionLogger:13 - INFO: Puntuacion aumentada.
2022-12-05 03:07:25 INFO  GeneracionLogger:25 - INFO: Wombat generado.
2022-12-05 03:07:27 INFO  GeneracionLogger:13 - INFO: Puntuacion aumentada.
2022-12-05 03:07:27 INFO  GeneracionLogger:25 - INFO: Wombat generado.
2022-12-05 03:07:28 INFO  GeneracionLogger:13 - INFO: Puntuacion aumentada.
2022-12-05 03:07:28 INFO  GeneracionLogger:25 - INFO: Wombat generado.
2022-12-05 03:07:29 INFO  GeneracionLogger:13 - INFO: Puntuacion aumentada.
2022-12-05 03:07:29 INFO  GeneracionLogger:25 - INFO: Wombat generado.
2022-12-05 03:07:29 INFO  GeneracionLogger:13 - INFO: Puntuacion aumentada.
2022-12-05 03:07:29 INFO  GeneracionLogger:25 - INFO: Wombat generado.
2022-12-05 03:07:30 INFO  GeneracionLogger:13 - INFO: Puntuacion aumentada.
2022-12-05 03:07:30 INFO  GeneracionLogger:25 - INFO: Wombat generado.
2022-12-05 03:07:30 INFO  GeneracionLogger:20 - INFO: Se ha acabado la partida.
2022-12-05 03:07:31 INFO  GeneracionLogger:74 - INFO: Se han añadido los datos de la ultima partida correctamente.
2022-12-05 03:13:21 INFO  GeneracionLogger:16 - Programa comenzado
2022-12-05 03:15:05 INFO  GeneracionLogger:16 - Programa comenzado
2022-12-05 03:15:12 INFO  GeneracionLogger:83 - INFO: Se ha realizado el LogIn correctamente.
2022-12-05 03:15:12 INFO  GeneracionLogger:90 - INFO: Se ha abierto el menu correctamente.
2022-12-05 03:15:14 INFO  GeneracionLogger:24 - INFO: Wombat generado.
2022-12-05 03:15:14 INFO  GeneracionLogger:53 - INFO: Se ha abierto la ventana del juego correctamente.
2022-12-05 03:15:16 INFO  GeneracionLogger:13 - INFO: Puntuacion aumentada.
2022-12-05 03:15:16 INFO  GeneracionLogger:24 - INFO: Wombat generado.
2022-12-05 03:15:17 INFO  GeneracionLogger:13 - INFO: Puntuacion aumentada.
2022-12-05 03:15:17 INFO  GeneracionLogger:24 - INFO: Wombat generado.
2022-12-05 03:15:18 INFO  GeneracionLogger:13 - INFO: Puntuacion aumentada.
2022-12-05 03:15:18 INFO  GeneracionLogger:24 - INFO: Wombat generado.
2022-12-05 03:15:19 INFO  GeneracionLogger:13 - INFO: Puntuacion aumentada.
2022-12-05 03:15:19 INFO  GeneracionLogger:24 - INFO: Wombat generado.
2022-12-05 03:15:20 INFO  GeneracionLogger:13 - INFO: Puntuacion aumentada.
2022-12-05 03:15:20 INFO  GeneracionLogger:24 - INFO: Wombat generado.
2022-12-05 03:15:20 INFO  GeneracionLogger:13 - INFO: Puntuacion aumentada.
2022-12-05 03:15:20 INFO  GeneracionLogger:24 - INFO: Wombat generado.
2022-12-05 03:15:21 INFO  GeneracionLogger:13 - INFO: Puntuacion aumentada.
2022-12-05 03:15:21 INFO  GeneracionLogger:24 - INFO: Wombat generado.
2022-12-05 03:15:22 INFO  GeneracionLogger:13 - INFO: Puntuacion aumentada.
2022-12-05 03:15:22 INFO  GeneracionLogger:24 - INFO: Wombat generado.
2022-12-05 03:15:25 INFO  GeneracionLogger:13 - INFO: Puntuacion aumentada.
2022-12-05 03:15:25 INFO  GeneracionLogger:24 - INFO: Wombat generado.
2022-12-05 03:15:26 INFO  GeneracionLogger:13 - INFO: Puntuacion aumentada.
2022-12-05 03:15:26 INFO  GeneracionLogger:24 - INFO: Wombat generado.
2022-12-05 03:15:27 INFO  GeneracionLogger:13 - INFO: Puntuacion aumentada.
2022-12-05 03:15:27 INFO  GeneracionLogger:24 - INFO: Wombat generado.
2022-12-05 03:15:29 INFO  GeneracionLogger:13 - INFO: Puntuacion aumentada.
2022-12-05 03:15:29 INFO  GeneracionLogger:24 - INFO: Wombat generado.
2022-12-05 03:15:29 INFO  GeneracionLogger:13 - INFO: Puntuacion aumentada.
2022-12-05 03:15:29 INFO  GeneracionLogger:24 - INFO: Wombat generado.
2022-12-05 03:15:31 INFO  GeneracionLogger:13 - INFO: Puntuacion aumentada.
2022-12-05 03:15:31 INFO  GeneracionLogger:24 - INFO: Wombat generado.
2022-12-05 03:15:33 INFO  GeneracionLogger:13 - INFO: Puntuacion aumentada.
2022-12-05 03:15:33 INFO  GeneracionLogger:24 - INFO: Wombat generado.
2022-12-05 03:15:34 INFO  GeneracionLogger:20 - INFO: Se ha acabado la partida.
2022-12-05 03:15:35 INFO  GeneracionLogger:74 - INFO: Se han añadido los datos de la ultima partida correctamente.
2022-12-05 03:16:08 INFO  GeneracionLogger:16 - Programa comenzado
2022-12-05 03:16:11 INFO  GeneracionLogger:83 - INFO: Se ha realizado el LogIn correctamente.
2022-12-05 03:16:11 INFO  GeneracionLogger:90 - INFO: Se ha abierto el menu correctamente.
2022-12-05 03:16:12 INFO  GeneracionLogger:24 - INFO: Wombat generado.
2022-12-05 03:16:12 INFO  GeneracionLogger:53 - INFO: Se ha abierto la ventana del juego correctamente.
2022-12-05 03:16:13 INFO  GeneracionLogger:13 - INFO: Puntuacion aumentada.
2022-12-05 03:16:13 INFO  GeneracionLogger:24 - INFO: Wombat generado.
2022-12-05 03:16:14 INFO  GeneracionLogger:13 - INFO: Puntuacion aumentada.
2022-12-05 03:16:14 INFO  GeneracionLogger:24 - INFO: Wombat generado.
2022-12-05 03:16:15 INFO  GeneracionLogger:13 - INFO: Puntuacion aumentada.
2022-12-05 03:16:15 INFO  GeneracionLogger:24 - INFO: Wombat generado.
2022-12-05 03:16:18 INFO  GeneracionLogger:13 - INFO: Puntuacion aumentada.
2022-12-05 03:16:18 INFO  GeneracionLogger:24 - INFO: Wombat generado.
2022-12-05 03:16:19 INFO  GeneracionLogger:13 - INFO: Puntuacion aumentada.
2022-12-05 03:16:19 INFO  GeneracionLogger:24 - INFO: Wombat generado.
2022-12-05 03:16:20 INFO  GeneracionLogger:13 - INFO: Puntuacion aumentada.
2022-12-05 03:16:20 INFO  GeneracionLogger:24 - INFO: Wombat generado.
2022-12-05 03:16:20 INFO  GeneracionLogger:13 - INFO: Puntuacion aumentada.
2022-12-05 03:16:20 INFO  GeneracionLogger:24 - INFO: Wombat generado.
2022-12-05 03:16:22 INFO  GeneracionLogger:13 - INFO: Puntuacion aumentada.
2022-12-05 03:16:22 INFO  GeneracionLogger:24 - INFO: Wombat generado.
2022-12-05 03:16:23 INFO  GeneracionLogger:13 - INFO: Puntuacion aumentada.
2022-12-05 03:16:23 INFO  GeneracionLogger:24 - INFO: Wombat generado.
2022-12-05 03:16:24 INFO  GeneracionLogger:13 - INFO: Puntuacion aumentada.
2022-12-05 03:16:24 INFO  GeneracionLogger:24 - INFO: Wombat generado.
2022-12-05 03:16:25 INFO  GeneracionLogger:13 - INFO: Puntuacion aumentada.
2022-12-05 03:16:25 INFO  GeneracionLogger:24 - INFO: Wombat generado.
2022-12-05 03:16:27 INFO  GeneracionLogger:13 - INFO: Puntuacion aumentada.
2022-12-05 03:16:27 INFO  GeneracionLogger:24 - INFO: Wombat generado.
2022-12-05 03:16:27 INFO  GeneracionLogger:13 - INFO: Puntuacion aumentada.
2022-12-05 03:16:27 INFO  GeneracionLogger:24 - INFO: Wombat generado.
2022-12-05 03:16:29 INFO  GeneracionLogger:13 - INFO: Puntuacion aumentada.
2022-12-05 03:16:29 INFO  GeneracionLogger:24 - INFO: Wombat generado.
2022-12-05 03:16:29 INFO  GeneracionLogger:17 - INFO: Puntuacion reducida.
2022-12-05 03:16:29 INFO  GeneracionLogger:24 - INFO: Wombat generado.
2022-12-05 03:16:31 INFO  GeneracionLogger:17 - INFO: Puntuacion reducida.
2022-12-05 03:16:31 INFO  GeneracionLogger:24 - INFO: Wombat generado.
2022-12-05 03:16:32 INFO  GeneracionLogger:20 - INFO: Se ha acabado la partida.
2022-12-05 03:16:33 INFO  GeneracionLogger:74 - INFO: Se han añadido los datos de la ultima partida correctamente.
2022-12-05 14:40:39 INFO  GeneracionLogger:16 - Programa comenzado
2022-12-05 14:40:43 INFO  GeneracionLogger:83 - INFO: Se ha realizado el LogIn correctamente.
2022-12-05 14:40:43 INFO  GeneracionLogger:90 - INFO: Se ha abierto el menu correctamente.
2022-12-05 14:40:43 INFO  GeneracionLogger:24 - INFO: Wombat generado.
2022-12-05 14:40:43 INFO  GeneracionLogger:53 - INFO: Se ha abierto la ventana del juego correctamente.
2022-12-05 14:40:44 INFO  GeneracionLogger:13 - INFO: Puntuacion aumentada.
2022-12-05 14:40:44 INFO  GeneracionLogger:24 - INFO: Wombat generado.
2022-12-05 14:40:45 INFO  GeneracionLogger:13 - INFO: Puntuacion aumentada.
2022-12-05 14:40:45 INFO  GeneracionLogger:24 - INFO: Wombat generado.
2022-12-05 14:40:45 INFO  GeneracionLogger:13 - INFO: Puntuacion aumentada.
2022-12-05 14:40:45 INFO  GeneracionLogger:24 - INFO: Wombat generado.
2022-12-05 14:40:46 INFO  GeneracionLogger:13 - INFO: Puntuacion aumentada.
2022-12-05 14:40:46 INFO  GeneracionLogger:24 - INFO: Wombat generado.
2022-12-05 14:40:47 INFO  GeneracionLogger:13 - INFO: Puntuacion aumentada.
2022-12-05 14:40:47 INFO  GeneracionLogger:24 - INFO: Wombat generado.
2022-12-05 14:40:48 INFO  GeneracionLogger:13 - INFO: Puntuacion aumentada.
2022-12-05 14:40:48 INFO  GeneracionLogger:24 - INFO: Wombat generado.
2022-12-05 14:40:48 INFO  GeneracionLogger:13 - INFO: Puntuacion aumentada.
2022-12-05 14:40:48 INFO  GeneracionLogger:24 - INFO: Wombat generado.
2022-12-05 14:40:49 INFO  GeneracionLogger:13 - INFO: Puntuacion aumentada.
2022-12-05 14:40:49 INFO  GeneracionLogger:24 - INFO: Wombat generado.
2022-12-05 14:40:49 INFO  GeneracionLogger:13 - INFO: Puntuacion aumentada.
2022-12-05 14:40:49 INFO  GeneracionLogger:24 - INFO: Wombat generado.
2022-12-05 14:40:50 INFO  GeneracionLogger:13 - INFO: Puntuacion aumentada.
2022-12-05 14:40:50 INFO  GeneracionLogger:24 - INFO: Wombat generado.
2022-12-05 14:40:51 INFO  GeneracionLogger:13 - INFO: Puntuacion aumentada.
2022-12-05 14:40:51 INFO  GeneracionLogger:24 - INFO: Wombat generado.
2022-12-05 14:40:52 INFO  GeneracionLogger:13 - INFO: Puntuacion aumentada.
2022-12-05 14:40:52 INFO  GeneracionLogger:24 - INFO: Wombat generado.
2022-12-05 14:40:53 INFO  GeneracionLogger:13 - INFO: Puntuacion aumentada.
2022-12-05 14:40:53 INFO  GeneracionLogger:24 - INFO: Wombat generado.
2022-12-05 14:40:54 INFO  GeneracionLogger:13 - INFO: Puntuacion aumentada.
2022-12-05 14:40:54 INFO  GeneracionLogger:24 - INFO: Wombat generado.
2022-12-05 14:41:03 INFO  GeneracionLogger:20 - INFO: Se ha acabado la partida.
2022-12-05 14:41:06 INFO  GeneracionLogger:74 - INFO: Se han añadido los datos de la ultima partida correctamente.
2022-12-05 14:42:45 INFO  GeneracionLogger:16 - Programa comenzado
2022-12-05 14:42:48 INFO  GeneracionLogger:83 - INFO: Se ha realizado el LogIn correctamente.
2022-12-05 14:42:48 INFO  GeneracionLogger:90 - INFO: Se ha abierto el menu correctamente.
2022-12-05 14:42:48 INFO  GeneracionLogger:71 - INFO: Se ha abierto la ventana del libro correctamente.
2022-12-05 14:42:49 INFO  GeneracionLogger:94 - INFO: Se ha abierto la ventana Wombats correctamente.
2022-12-05 14:43:50 INFO  GeneracionLogger:16 - Programa comenzado
2022-12-05 14:43:53 INFO  GeneracionLogger:83 - INFO: Se ha realizado el LogIn correctamente.
2022-12-05 14:43:53 INFO  GeneracionLogger:90 - INFO: Se ha abierto el menu correctamente.
2022-12-05 14:43:54 INFO  GeneracionLogger:71 - INFO: Se ha abierto la ventana del libro correctamente.
2022-12-05 14:43:55 INFO  GeneracionLogger:94 - INFO: Se ha abierto la ventana Wombats correctamente.
2022-12-05 14:43:56 INFO  GeneracionLogger:136 - INFO: Se ha abierto la ventana del libro correctamente.
2022-12-05 14:44:54 INFO  GeneracionLogger:16 - Programa comenzado
2022-12-05 14:44:57 INFO  GeneracionLogger:83 - INFO: Se ha realizado el LogIn correctamente.
2022-12-05 14:44:57 INFO  GeneracionLogger:90 - INFO: Se ha abierto el menu correctamente.
2022-12-05 14:44:58 INFO  GeneracionLogger:71 - INFO: Se ha abierto la ventana del libro correctamente.
2022-12-05 14:44:59 INFO  GeneracionLogger:94 - INFO: Se ha abierto la ventana Wombats correctamente.
2022-12-05 14:45:01 INFO  GeneracionLogger:136 - INFO: Se ha abierto la ventana del libro correctamente.
2022-12-05 14:45:03 INFO  GeneracionLogger:75 - INFO: Se ha abierto el menu correctamente.
2022-12-05 14:45:04 INFO  GeneracionLogger:24 - INFO: Wombat generado.
2022-12-05 14:45:04 INFO  GeneracionLogger:53 - INFO: Se ha abierto la ventana del juego correctamente.
2022-12-05 14:45:06 INFO  GeneracionLogger:13 - INFO: Puntuacion aumentada.
2022-12-05 14:45:06 INFO  GeneracionLogger:24 - INFO: Wombat generado.
2022-12-05 14:45:06 INFO  GeneracionLogger:13 - INFO: Puntuacion aumentada.
2022-12-05 14:45:06 INFO  GeneracionLogger:24 - INFO: Wombat generado.
2022-12-05 14:45:07 INFO  GeneracionLogger:13 - INFO: Puntuacion aumentada.
2022-12-05 14:45:07 INFO  GeneracionLogger:24 - INFO: Wombat generado.
2022-12-05 14:45:08 INFO  GeneracionLogger:13 - INFO: Puntuacion aumentada.
2022-12-05 14:45:08 INFO  GeneracionLogger:24 - INFO: Wombat generado.
2022-12-05 14:45:09 INFO  GeneracionLogger:13 - INFO: Puntuacion aumentada.
2022-12-05 14:45:09 INFO  GeneracionLogger:24 - INFO: Wombat generado.
2022-12-05 14:45:09 INFO  GeneracionLogger:13 - INFO: Puntuacion aumentada.
2022-12-05 14:45:09 INFO  GeneracionLogger:24 - INFO: Wombat generado.
2022-12-05 14:45:10 INFO  GeneracionLogger:13 - INFO: Puntuacion aumentada.
2022-12-05 14:45:10 INFO  GeneracionLogger:24 - INFO: Wombat generado.
2022-12-05 14:45:10 INFO  GeneracionLogger:13 - INFO: Puntuacion aumentada.
2022-12-05 14:45:10 INFO  GeneracionLogger:24 - INFO: Wombat generado.
2022-12-05 14:45:11 INFO  GeneracionLogger:13 - INFO: Puntuacion aumentada.
2022-12-05 14:45:11 INFO  GeneracionLogger:24 - INFO: Wombat generado.
2022-12-05 14:45:12 INFO  GeneracionLogger:13 - INFO: Puntuacion aumentada.
2022-12-05 14:45:12 INFO  GeneracionLogger:24 - INFO: Wombat generado.
2022-12-05 14:45:13 INFO  GeneracionLogger:13 - INFO: Puntuacion aumentada.
2022-12-05 14:45:13 INFO  GeneracionLogger:24 - INFO: Wombat generado.
2022-12-05 14:45:13 INFO  GeneracionLogger:13 - INFO: Puntuacion aumentada.
2022-12-05 14:45:13 INFO  GeneracionLogger:24 - INFO: Wombat generado.
2022-12-05 14:45:14 INFO  GeneracionLogger:13 - INFO: Puntuacion aumentada.
2022-12-05 14:45:14 INFO  GeneracionLogger:24 - INFO: Wombat generado.
2022-12-05 14:45:15 INFO  GeneracionLogger:13 - INFO: Puntuacion aumentada.
2022-12-05 14:45:15 INFO  GeneracionLogger:24 - INFO: Wombat generado.
2022-12-05 14:45:15 INFO  GeneracionLogger:13 - INFO: Puntuacion aumentada.
2022-12-05 14:45:15 INFO  GeneracionLogger:24 - INFO: Wombat generado.
2022-12-05 14:45:17 INFO  GeneracionLogger:13 - INFO: Puntuacion aumentada.
2022-12-05 14:45:17 INFO  GeneracionLogger:24 - INFO: Wombat generado.
2022-12-05 14:45:17 INFO  GeneracionLogger:13 - INFO: Puntuacion aumentada.
2022-12-05 14:45:17 INFO  GeneracionLogger:24 - INFO: Wombat generado.
2022-12-05 14:45:23 INFO  GeneracionLogger:13 - INFO: Puntuacion aumentada.
2022-12-05 14:45:23 INFO  GeneracionLogger:24 - INFO: Wombat generado.
2022-12-05 14:45:23 INFO  GeneracionLogger:13 - INFO: Puntuacion aumentada.
2022-12-05 14:45:23 INFO  GeneracionLogger:24 - INFO: Wombat generado.
2022-12-05 14:45:24 INFO  GeneracionLogger:20 - INFO: Se ha acabado la partida.
2022-12-05 14:45:25 INFO  GeneracionLogger:74 - INFO: Se han añadido los datos de la ultima partida correctamente.
2022-12-05 14:47:56 INFO  GeneracionLogger:16 - Programa comenzado
2022-12-05 14:48:00 INFO  GeneracionLogger:83 - INFO: Se ha realizado el LogIn correctamente.
2022-12-05 14:48:00 INFO  GeneracionLogger:90 - INFO: Se ha abierto el menu correctamente.
2022-12-05 14:48:01 INFO  GeneracionLogger:24 - INFO: Wombat generado.
2022-12-05 14:48:01 INFO  GeneracionLogger:53 - INFO: Se ha abierto la ventana del juego correctamente.
2022-12-05 14:48:02 INFO  GeneracionLogger:13 - INFO: Puntuacion aumentada.
2022-12-05 14:48:02 INFO  GeneracionLogger:24 - INFO: Wombat generado.
2022-12-05 14:48:03 INFO  GeneracionLogger:13 - INFO: Puntuacion aumentada.
2022-12-05 14:48:03 INFO  GeneracionLogger:24 - INFO: Wombat generado.
2022-12-05 14:48:03 INFO  GeneracionLogger:13 - INFO: Puntuacion aumentada.
2022-12-05 14:48:03 INFO  GeneracionLogger:24 - INFO: Wombat generado.
2022-12-05 14:48:04 INFO  GeneracionLogger:13 - INFO: Puntuacion aumentada.
2022-12-05 14:48:04 INFO  GeneracionLogger:24 - INFO: Wombat generado.
2022-12-05 14:48:05 INFO  GeneracionLogger:13 - INFO: Puntuacion aumentada.
2022-12-05 14:48:05 INFO  GeneracionLogger:24 - INFO: Wombat generado.
2022-12-05 14:48:06 INFO  GeneracionLogger:13 - INFO: Puntuacion aumentada.
2022-12-05 14:48:06 INFO  GeneracionLogger:24 - INFO: Wombat generado.
2022-12-05 14:48:07 INFO  GeneracionLogger:13 - INFO: Puntuacion aumentada.
2022-12-05 14:48:07 INFO  GeneracionLogger:24 - INFO: Wombat generado.
2022-12-05 14:48:07 INFO  GeneracionLogger:13 - INFO: Puntuacion aumentada.
2022-12-05 14:48:07 INFO  GeneracionLogger:24 - INFO: Wombat generado.
2022-12-05 14:48:08 INFO  GeneracionLogger:13 - INFO: Puntuacion aumentada.
2022-12-05 14:48:08 INFO  GeneracionLogger:24 - INFO: Wombat generado.
2022-12-05 14:48:09 INFO  GeneracionLogger:13 - INFO: Puntuacion aumentada.
2022-12-05 14:48:09 INFO  GeneracionLogger:24 - INFO: Wombat generado.
2022-12-11 18:38:35 INFO  GeneracionLogger:16 - Programa comenzado
2022-12-11 18:38:49 INFO  GeneracionLogger:70 - INFO: Se ha registrado un nuevo usuario
2022-12-11 18:38:54 INFO  GeneracionLogger:83 - INFO: Se ha realizado el LogIn correctamente.
2022-12-11 18:38:54 INFO  GeneracionLogger:90 - INFO: Se ha abierto el menu correctamente.
2022-12-11 18:38:57 INFO  GeneracionLogger:71 - INFO: Se ha abierto la ventana del libro correctamente.
2022-12-11 18:39:06 INFO  GeneracionLogger:94 - INFO: Se ha abierto la ventana Wombats correctamente.
2022-12-11 18:39:12 INFO  GeneracionLogger:136 - INFO: Se ha abierto la ventana del libro correctamente.
2022-12-11 18:39:34 INFO  GeneracionLogger:75 - INFO: Se ha abierto el menu correctamente.
2022-12-11 18:39:37 INFO  GeneracionLogger:96 - INFO: Se ha abierto la ventana de la tienda correctamente.
2022-12-11 18:39:50 INFO  GeneracionLogger:63 - INFO: Se ha abierto el menu correctamente.
2022-12-11 18:39:52 INFO  GeneracionLogger:122 - INFO: Wombat generado.
2022-12-11 18:39:54 INFO  GeneracionLogger:53 - INFO: Se ha abierto la ventana del juego correctamente.
2022-12-11 18:39:56 INFO  GeneracionLogger:122 - INFO: Wombat generado.
2022-12-11 18:39:57 INFO  GeneracionLogger:28 - INFO: Puntuacion aumentada.
2022-12-11 18:39:58 INFO  GeneracionLogger:122 - INFO: Wombat generado.
2022-12-11 18:40:00 INFO  GeneracionLogger:122 - INFO: Wombat generado.
2022-12-11 18:40:01 INFO  GeneracionLogger:28 - INFO: Puntuacion aumentada.
2022-12-11 18:40:02 INFO  GeneracionLogger:122 - INFO: Wombat generado.
2022-12-11 18:40:04 INFO  GeneracionLogger:122 - INFO: Wombat generado.
2022-12-11 18:40:05 INFO  GeneracionLogger:28 - INFO: Puntuacion aumentada.
2022-12-11 18:40:06 INFO  GeneracionLogger:122 - INFO: Wombat generado.
2022-12-11 18:40:07 INFO  GeneracionLogger:28 - INFO: Puntuacion aumentada.
2022-12-11 18:40:08 INFO  GeneracionLogger:122 - INFO: Wombat generado.
2022-12-11 18:40:09 INFO  GeneracionLogger:28 - INFO: Puntuacion aumentada.
2022-12-11 18:40:10 INFO  GeneracionLogger:122 - INFO: Wombat generado.
2022-12-11 18:40:11 INFO  GeneracionLogger:28 - INFO: Puntuacion aumentada.
2022-12-11 18:40:12 INFO  GeneracionLogger:122 - INFO: Wombat generado.
2022-12-11 18:40:14 INFO  GeneracionLogger:122 - INFO: Wombat generado.
2022-12-11 18:40:15 INFO  GeneracionLogger:28 - INFO: Puntuacion aumentada.
2022-12-11 18:40:16 INFO  GeneracionLogger:122 - INFO: Wombat generado.
2022-12-11 18:40:17 INFO  GeneracionLogger:28 - INFO: Puntuacion aumentada.
2022-12-11 18:40:18 INFO  GeneracionLogger:122 - INFO: Wombat generado.
2022-12-11 18:40:19 INFO  GeneracionLogger:28 - INFO: Puntuacion aumentada.
2022-12-11 18:40:20 INFO  GeneracionLogger:122 - INFO: Wombat generado.
2022-12-11 18:40:22 INFO  GeneracionLogger:20 - INFO: Se ha acabado la partida.
2022-12-11 18:40:24 INFO  GeneracionLogger:74 - INFO: Se han añadido los datos de la ultima partida correctamente.
2022-12-11 18:50:24 INFO  GeneracionLogger:16 - Programa comenzado
2022-12-11 18:50:35 INFO  GeneracionLogger:83 - INFO: Se ha realizado el LogIn correctamente.
2022-12-11 18:50:35 INFO  GeneracionLogger:90 - INFO: Se ha abierto el menu correctamente.
2022-12-11 18:50:59 INFO  GeneracionLogger:122 - INFO: Wombat generado.
2022-12-11 18:51:01 INFO  GeneracionLogger:53 - INFO: Se ha abierto la ventana del juego correctamente.
2022-12-11 18:51:03 INFO  GeneracionLogger:122 - INFO: Wombat generado.
2022-12-11 18:51:04 INFO  GeneracionLogger:28 - INFO: Puntuacion aumentada.
2022-12-11 18:51:05 INFO  GeneracionLogger:122 - INFO: Wombat generado.
2022-12-11 18:51:06 INFO  GeneracionLogger:28 - INFO: Puntuacion aumentada.
2022-12-11 18:51:07 INFO  GeneracionLogger:122 - INFO: Wombat generado.
2022-12-11 18:51:08 INFO  GeneracionLogger:28 - INFO: Puntuacion aumentada.
2022-12-11 18:51:09 INFO  GeneracionLogger:122 - INFO: Wombat generado.
2022-12-11 18:51:09 INFO  GeneracionLogger:84 - INFO: Puntuacion reducida.
2022-12-11 18:51:11 INFO  GeneracionLogger:28 - INFO: Puntuacion aumentada.
2022-12-11 18:51:11 INFO  GeneracionLogger:122 - INFO: Wombat generado.
2022-12-11 18:51:12 INFO  GeneracionLogger:28 - INFO: Puntuacion aumentada.
2022-12-11 18:51:13 INFO  GeneracionLogger:122 - INFO: Wombat generado.
2022-12-11 18:51:14 INFO  GeneracionLogger:28 - INFO: Puntuacion aumentada.
2022-12-11 18:51:15 INFO  GeneracionLogger:122 - INFO: Wombat generado.
2022-12-11 18:51:16 INFO  GeneracionLogger:28 - INFO: Puntuacion aumentada.
2022-12-11 18:51:17 INFO  GeneracionLogger:122 - INFO: Wombat generado.
2022-12-11 18:51:18 INFO  GeneracionLogger:28 - INFO: Puntuacion aumentada.
2022-12-11 18:51:18 INFO  GeneracionLogger:42 - INFO: Puntuacion aumentada.
2022-12-11 18:51:19 INFO  GeneracionLogger:122 - INFO: Wombat generado.
2022-12-11 18:51:21 INFO  GeneracionLogger:122 - INFO: Wombat generado.
2022-12-11 18:51:23 INFO  GeneracionLogger:122 - INFO: Wombat generado.
2022-12-11 18:51:24 INFO  GeneracionLogger:28 - INFO: Puntuacion aumentada.
2022-12-11 18:51:24 INFO  GeneracionLogger:42 - INFO: Puntuacion aumentada.
2022-12-11 18:51:25 INFO  GeneracionLogger:122 - INFO: Wombat generado.
2022-12-11 18:51:27 INFO  GeneracionLogger:28 - INFO: Puntuacion aumentada.
2022-12-11 18:51:27 INFO  GeneracionLogger:122 - INFO: Wombat generado.
2022-12-11 18:51:28 INFO  GeneracionLogger:28 - INFO: Puntuacion aumentada.
2022-12-11 18:51:29 INFO  GeneracionLogger:122 - INFO: Wombat generado.
2022-12-11 18:51:31 INFO  GeneracionLogger:28 - INFO: Puntuacion aumentada.
2022-12-11 18:51:31 INFO  GeneracionLogger:122 - INFO: Wombat generado.
2022-12-11 18:51:31 INFO  GeneracionLogger:28 - INFO: Puntuacion aumentada.
2022-12-11 18:51:32 INFO  GeneracionLogger:28 - INFO: Puntuacion aumentada.
2022-12-11 18:51:32 INFO  GeneracionLogger:28 - INFO: Puntuacion aumentada.
2022-12-11 18:51:33 INFO  GeneracionLogger:28 - INFO: Puntuacion aumentada.
2022-12-11 18:51:33 INFO  GeneracionLogger:122 - INFO: Wombat generado.
2022-12-11 18:51:33 INFO  GeneracionLogger:28 - INFO: Puntuacion aumentada.
2022-12-11 18:51:35 INFO  GeneracionLogger:20 - INFO: Se ha acabado la partida.
2022-12-11 18:51:37 INFO  GeneracionLogger:74 - INFO: Se han añadido los datos de la ultima partida correctamente.
2022-12-11 18:52:03 INFO  GeneracionLogger:16 - Programa comenzado
2022-12-11 18:52:32 INFO  GeneracionLogger:83 - INFO: Se ha realizado el LogIn correctamente.
2022-12-11 18:52:32 INFO  GeneracionLogger:90 - INFO: Se ha abierto el menu correctamente.
2022-12-11 18:52:33 INFO  GeneracionLogger:71 - INFO: Se ha abierto la ventana del libro correctamente.
2022-12-11 18:53:27 INFO  GeneracionLogger:75 - INFO: Se ha abierto el menu correctamente.
2022-12-11 18:53:30 INFO  GeneracionLogger:118 - INFO: Se ha cerrado la sesion correctamente.
2022-12-11 19:18:30 INFO  GeneracionLogger:16 - Programa comenzado
2022-12-11 19:18:36 INFO  GeneracionLogger:83 - INFO: Se ha realizado el LogIn correctamente.
2022-12-11 19:18:36 INFO  GeneracionLogger:90 - INFO: Se ha abierto el menu correctamente.
2022-12-11 19:18:38 INFO  GeneracionLogger:122 - INFO: Wombat generado.
2022-12-11 19:18:40 INFO  GeneracionLogger:53 - INFO: Se ha abierto la ventana del juego correctamente.
2022-12-11 19:18:42 INFO  GeneracionLogger:122 - INFO: Wombat generado.
2022-12-11 19:18:44 INFO  GeneracionLogger:122 - INFO: Wombat generado.
2022-12-11 19:18:46 INFO  GeneracionLogger:122 - INFO: Wombat generado.
2022-12-11 19:18:47 INFO  GeneracionLogger:78 - INFO: Puntuacion aumentada.
2022-12-11 19:18:48 INFO  GeneracionLogger:122 - INFO: Wombat generado.
2022-12-11 19:18:49 INFO  GeneracionLogger:32 - INFO: Puntuacion aumentada.
2022-12-11 19:18:50 INFO  GeneracionLogger:122 - INFO: Wombat generado.
2022-12-11 19:18:52 INFO  GeneracionLogger:122 - INFO: Wombat generado.
2022-12-11 19:18:54 INFO  GeneracionLogger:122 - INFO: Wombat generado.
2022-12-11 19:18:56 INFO  GeneracionLogger:122 - INFO: Wombat generado.
2022-12-11 19:18:56 INFO  GeneracionLogger:93 - INFO: Puntuacion reducida.
2022-12-11 19:18:57 INFO  GeneracionLogger:42 - INFO: Puntuacion aumentada.
2022-12-11 19:18:58 INFO  GeneracionLogger:122 - INFO: Wombat generado.
2022-12-11 19:19:00 INFO  GeneracionLogger:122 - INFO: Wombat generado.
2022-12-11 19:19:02 INFO  GeneracionLogger:122 - INFO: Wombat generado.
2022-12-11 19:19:04 INFO  GeneracionLogger:122 - INFO: Wombat generado.
2022-12-11 19:19:06 INFO  GeneracionLogger:122 - INFO: Wombat generado.
2022-12-11 19:19:08 INFO  GeneracionLogger:122 - INFO: Wombat generado.
2022-12-11 19:19:10 INFO  GeneracionLogger:51 - INFO: Puntuacion aumentada.
2022-12-11 19:19:10 INFO  GeneracionLogger:122 - INFO: Wombat generado.
2022-12-11 19:19:11 INFO  GeneracionLogger:51 - INFO: Puntuacion aumentada.
2022-12-11 19:19:12 INFO  GeneracionLogger:122 - INFO: Wombat generado.
2022-12-11 19:19:13 INFO  GeneracionLogger:78 - INFO: Puntuacion aumentada.
2022-12-11 19:19:14 INFO  GeneracionLogger:122 - INFO: Wombat generado.
2022-12-11 19:19:15 INFO  GeneracionLogger:78 - INFO: Puntuacion aumentada.
2022-12-11 19:19:16 INFO  GeneracionLogger:122 - INFO: Wombat generado.
2022-12-11 19:19:18 INFO  GeneracionLogger:122 - INFO: Wombat generado.
2022-12-11 19:19:20 INFO  GeneracionLogger:122 - INFO: Wombat generado.
2022-12-11 19:19:22 INFO  GeneracionLogger:122 - INFO: Wombat generado.
2022-12-11 19:19:24 INFO  GeneracionLogger:122 - INFO: Wombat generado.
2022-12-11 19:19:26 INFO  GeneracionLogger:21 - INFO: Se ha acabado la partida.
2022-12-11 19:19:31 INFO  GeneracionLogger:74 - INFO: Se han añadido los datos de la ultima partida correctamente.
2022-12-11 19:19:50 INFO  GeneracionLogger:16 - Programa comenzado
2022-12-11 19:20:00 INFO  GeneracionLogger:83 - INFO: Se ha realizado el LogIn correctamente.
2022-12-11 19:20:00 INFO  GeneracionLogger:90 - INFO: Se ha abierto el menu correctamente.
2022-12-11 19:20:01 INFO  GeneracionLogger:122 - INFO: Wombat generado.
2022-12-11 19:20:03 INFO  GeneracionLogger:53 - INFO: Se ha abierto la ventana del juego correctamente.
2022-12-11 19:20:05 INFO  GeneracionLogger:122 - INFO: Wombat generado.
2022-12-11 19:20:06 INFO  GeneracionLogger:42 - INFO: Puntuacion aumentada.
2022-12-11 19:20:07 INFO  GeneracionLogger:122 - INFO: Wombat generado.
2022-12-11 19:20:08 INFO  GeneracionLogger:42 - INFO: Puntuacion aumentada.
2022-12-11 19:20:09 INFO  GeneracionLogger:122 - INFO: Wombat generado.
2022-12-11 19:20:11 INFO  GeneracionLogger:122 - INFO: Wombat generado.
2022-12-11 19:20:12 INFO  GeneracionLogger:78 - INFO: Puntuacion aumentada.
2022-12-11 19:20:13 INFO  GeneracionLogger:122 - INFO: Wombat generado.
2022-12-11 19:20:15 INFO  GeneracionLogger:122 - INFO: Wombat generado.
2022-12-11 19:20:17 INFO  GeneracionLogger:122 - INFO: Wombat generado.
2022-12-11 19:20:19 INFO  GeneracionLogger:122 - INFO: Wombat generado.
2022-12-11 19:20:21 INFO  GeneracionLogger:122 - INFO: Wombat generado.
2022-12-11 19:20:23 INFO  GeneracionLogger:122 - INFO: Wombat generado.
2022-12-11 19:20:25 INFO  GeneracionLogger:21 - INFO: Se ha acabado la partida.
2022-12-11 19:20:28 INFO  GeneracionLogger:74 - INFO: Se han añadido los datos de la ultima partida correctamente.
